[2026-03-12 22:45:27.083193] === NONSTOP ROTATING DAEMON STARTED ===
[2026-03-12 22:45:27.392241] [AI] Don't post generated/AI-edited comments. HN is for
[2026-03-12 22:45:27.392622] Nonstop - 22:45
[2026-03-12 22:46:27.067044] [AUTOMATION] Open-Source Home Automation
[2026-03-12 22:46:27.067420] Nonstop - 22:46
[2026-03-12 22:46:28.080844] [SELF-IMPROVEMENT] Forget Self-Improvement
[2026-03-12 22:46:28.081517] Nonstop - 22:46
[2026-03-12 22:47:27.683845] [CODING] Ask HN: What are your favorite low-coding apps / t
[2026-03-12 22:47:27.684225] Nonstop - 22:47
[2026-03-12 22:47:28.653361] [LEARNING] Machine Learning Crash Course
[2026-03-12 22:47:28.653965] Nonstop - 22:47
[2026-03-12 22:48:28.103376] [AUTONOMY] France dumps Zoom and Teams as Europe seeks digita
[2026-03-12 22:48:28.103725] Nonstop - 22:48
[2026-03-12 22:48:29.214155] [TRADING] Middle-aged man trading cards go viral in rural Ja
[2026-03-12 22:48:29.214418] Nonstop - 22:48
[2026-03-12 22:49:28.518474] [TRADING] Middle-aged man trading cards go viral in rural Ja
[2026-03-12 22:49:28.518870] Nonstop - 22:49
[2026-03-12 22:49:29.485804] [AUTOMATION] Open-Source Home Automation
[2026-03-12 22:49:29.486363] Nonstop - 22:49
[2026-03-12 22:50:28.964368] [LEARNING] Machine Learning Crash Course
[2026-03-12 22:50:28.964773] Nonstop - 22:50
[2026-03-12 22:50:30.032068] [AUTONOMY] France dumps Zoom and Teams as Europe seeks digita
[2026-03-12 22:50:30.032427] Nonstop - 22:50
[2026-03-12 22:51:29.641348] [AGENTS] An AI agent published a hit piece on me
[2026-03-12 22:51:29.641902] Nonstop - 22:51
[2026-03-12 22:51:30.663289] [TRADING] Middle-aged man trading cards go viral in rural Ja
[2026-03-12 22:51:30.663852] Nonstop - 22:51
[2026-03-12 22:52:30.089355] [SELF-IMPROVEMENT] Forget Self-Improvement
[2026-03-12 22:52:30.091609] Nonstop - 22:52
[2026-03-12 22:52:31.284701] [AGENTS] An AI agent published a hit piece on me
[2026-03-12 22:52:31.285244] Nonstop - 22:52
[2026-03-12 22:53:30.515923] [AUTONOMY] France dumps Zoom and Teams as Europe seeks digita
[2026-03-12 22:53:30.516305] Nonstop - 22:53
[2026-03-12 22:53:31.638894] [AUTONOMY] France dumps Zoom and Teams as Europe seeks digita
[2026-03-12 22:53:31.639413] Nonstop - 22:53
[2026-03-12 22:54:30.946257] [AGENTS] An AI agent published a hit piece on me
[2026-03-12 22:54:30.946869] Nonstop - 22:54
[2026-03-12 22:54:32.029585] [AGENTS] An AI agent published a hit piece on me
[2026-03-12 22:54:32.030123] Nonstop - 22:54
[2026-03-12 22:55:31.504173] [AUTOMATION] Open-Source Home Automation
[2026-03-12 22:55:31.504521] Nonstop - 22:55
[2026-03-12 22:55:32.435134] [LEARNING] Machine Learning Crash Course
[2026-03-12 22:55:32.435648] Nonstop - 22:55
[2026-03-12 22:56:31.928599] [LEARNING] Machine Learning Crash Course
[2026-03-12 22:56:31.929011] Nonstop - 22:56
[2026-03-12 22:56:32.839146] [AI] Don't post generated/AI-edited comments. HN is for
[2026-03-12 22:56:32.839458] Nonstop - 22:56
[2026-03-12 22:57:32.639544] [AI] Don't post generated/AI-edited comments. HN is for
[2026-03-12 22:57:32.640043] Nonstop - 22:57
[2026-03-12 22:57:33.354500] [LEARNING] Machine Learning Crash Course
[2026-03-12 22:57:33.355029] Nonstop - 22:57
[2026-03-12 22:58:33.165763] [SELF-IMPROVEMENT] Forget Self-Improvement
[2026-03-12 22:58:33.166156] Nonstop - 22:58
[2026-03-12 22:58:33.870952] [AUTOMATION] Open-Source Home Automation
[2026-03-12 22:58:33.871376] Nonstop - 22:58
[2026-03-12 22:59:33.683438] [AUTONOMY] France dumps Zoom and Teams as Europe seeks digita
[2026-03-12 22:59:33.683807] Nonstop - 22:59
[2026-03-12 22:59:34.269516] [AUTOMATION] Open-Source Home Automation
[2026-03-12 22:59:34.270043] Nonstop - 22:59
[2026-03-12 23:00:34.121466] [AUTOMATION] Open-Source Home Automation
[2026-03-12 23:00:34.121843] Nonstop - 23:00
[2026-03-12 23:00:34.905339] [AUTOMATION] Open-Source Home Automation
[2026-03-12 23:00:34.905872] Nonstop - 23:00
[2026-03-12 23:01:34.612907] [TRADING] Middle-aged man trading cards go viral in rural Ja
[2026-03-12 23:01:34.613281] Nonstop - 23:01
[2026-03-12 23:01:35.319533] [SELF-IMPROVEMENT] Forget Self-Improvement
[2026-03-12 23:01:35.320184] Nonstop - 23:01
[2026-03-12 23:02:34.929890] [AI] Don't post generated/AI-edited comments. HN is for
[2026-03-12 23:02:34.930454] Nonstop - 23:02
[2026-03-12 23:02:35.939330] [SELF-IMPROVEMENT] Forget Self-Improvement
[2026-03-12 23:02:35.940097] Nonstop - 23:02
[2026-03-12 23:03:35.196901] [LEARNING] Machine Learning Crash Course
[2026-03-12 23:03:35.197269] Nonstop - 23:03
[2026-03-12 23:03:36.297714] [LEARNING] Machine Learning Crash Course
[2026-03-12 23:03:36.298236] Nonstop - 23:03
[2026-03-12 23:04:35.537357] [AGENTS] An AI agent published a hit piece on me
[2026-03-12 23:04:35.537592] Nonstop - 23:04
[2026-03-12 23:04:36.689749] [AGENTS] An AI agent published a hit piece on me
[2026-03-12 23:04:36.690544] Nonstop - 23:04
[2026-03-12 23:05:35.969153] [TRADING] Middle-aged man trading cards go viral in rural Ja
[2026-03-12 23:05:35.969487] Nonstop - 23:05
[2026-03-12 23:05:37.153053] [AUTOMATION] Open-Source Home Automation
[2026-03-12 23:05:37.159608] Nonstop - 23:05
[2026-03-12 23:06:36.575148] [TRADING] Middle-aged man trading cards go viral in rural Ja
[2026-03-12 23:06:36.575529] Nonstop - 23:06
[2026-03-12 23:06:37.618926] [AGENTS] An AI agent published a hit piece on me
[2026-03-12 23:06:37.619464] Nonstop - 23:06
[2026-03-12 23:07:37.197635] [AI] Don't post generated/AI-edited comments. HN is for
[2026-03-12 23:07:37.198554] Nonstop - 23:07
[2026-03-12 23:07:38.028215] [AI] Don't post generated/AI-edited comments. HN is for
[2026-03-12 23:07:38.028914] Nonstop - 23:07
[2026-03-12 23:08:37.720487] [SELF-IMPROVEMENT] Forget Self-Improvement
[2026-03-12 23:08:37.720922] Nonstop - 23:08
[2026-03-12 23:08:38.640183] [TRADING] Middle-aged man trading cards go viral in rural Ja
[2026-03-12 23:08:38.640524] Nonstop - 23:08
[2026-03-12 23:09:38.330752] [AGENTS] An AI agent published a hit piece on me
[2026-03-12 23:09:38.332451] Nonstop - 23:09
[2026-03-12 23:09:39.369036] [AUTOMATION] Open-Source Home Automation
[2026-03-12 23:09:39.369547] Nonstop - 23:09
[2026-03-12 23:10:38.605551] [AUTOMATION] Open-Source Home Automation
[2026-03-12 23:10:38.605941] Nonstop - 23:10
[2026-03-12 23:10:39.954905] [AUTOMATION] Open-Source Home Automation
[2026-03-12 23:10:39.955664] Nonstop - 23:10
[2026-03-12 23:11:39.065640] [LEARNING] Machine Learning Crash Course
[2026-03-12 23:11:39.066189] Nonstop - 23:11
[2026-03-12 23:11:40.489969] [AGENTS] An AI agent published a hit piece on me
[2026-03-12 23:11:40.490481] Nonstop - 23:11
[2026-03-12 23:12:39.810226] [SELF-IMPROVEMENT] Forget Self-Improvement
[2026-03-12 23:12:39.810622] Nonstop - 23:12
[2026-03-12 23:12:40.964342] [AGENTS] An AI agent published a hit piece on me
[2026-03-12 23:12:40.965002] Nonstop - 23:12
[2026-03-12 23:13:40.166469] [AGENTS] An AI agent published a hit piece on me
[2026-03-12 23:13:40.167116] Nonstop - 23:13
[2026-03-12 23:13:41.756629] [AUTONOMY] France dumps Zoom and Teams as Europe seeks digita
[2026-03-12 23:13:41.757196] Nonstop - 23:13
[2026-03-12 23:14:40.721062] [CODING] Ask HN: What are your favorite low-coding apps / t
[2026-03-12 23:14:40.721528] Nonstop - 23:14
[2026-03-12 23:14:42.297782] [AI] Don't post generated/AI-edited comments. HN is for
[2026-03-12 23:14:42.298317] Nonstop - 23:14
[2026-03-12 23:15:41.258631] [AUTONOMY] France dumps Zoom and Teams as Europe seeks digita
[2026-03-12 23:15:41.259037] Nonstop - 23:15
[2026-03-12 23:15:42.885884] [LEARNING] Machine Learning Crash Course
[2026-03-12 23:15:42.886659] Nonstop - 23:15
[2026-03-12 23:16:41.583942] [CODING] Ask HN: What are your favorite low-coding apps / t
[2026-03-12 23:16:41.584202] Nonstop - 23:16
[2026-03-12 23:16:43.251540] [LEARNING] Machine Learning Crash Course
[2026-03-12 23:16:43.251909] Nonstop - 23:16
[2026-03-12 23:17:41.986349] [SELF-IMPROVEMENT] Forget Self-Improvement
[2026-03-12 23:17:41.986737] Nonstop - 23:17
[2026-03-12 23:17:43.596185] [SELF-IMPROVEMENT] Forget Self-Improvement
[2026-03-12 23:17:43.596546] Nonstop - 23:17
[2026-03-12 23:18:42.596971] [AGENTS] An AI agent published a hit piece on me
[2026-03-12 23:18:42.597727] Nonstop - 23:18
[2026-03-12 23:18:44.233821] [LEARNING] Machine Learning Crash Course
[2026-03-12 23:18:44.234210] Nonstop - 23:18
[2026-03-12 23:19:43.125362] [SELF-IMPROVEMENT] Forget Self-Improvement
[2026-03-12 23:19:43.126727] Nonstop - 23:19
[2026-03-12 23:19:44.707317] [AUTONOMY] France dumps Zoom and Teams as Europe seeks digita
[2026-03-12 23:19:44.708063] Nonstop - 23:19
[2026-03-12 23:20:43.481511] [AUTONOMY] France dumps Zoom and Teams as Europe seeks digita
[2026-03-12 23:20:43.481897] Nonstop - 23:20
[2026-03-12 23:20:45.029720] [AGENTS] An AI agent published a hit piece on me
[2026-03-12 23:20:45.030299] Nonstop - 23:20
[2026-03-12 23:21:43.808929] [CODING] Ask HN: What are your favorite low-coding apps / t
[2026-03-12 23:21:43.809857] Nonstop - 23:21
[2026-03-12 23:21:45.345700] [AUTOMATION] Open-Source Home Automation
[2026-03-12 23:21:45.346071] Nonstop - 23:21
[2026-03-12 23:22:44.159438] [AUTOMATION] Open-Source Home Automation
[2026-03-12 23:22:44.160074] Nonstop - 23:22
[2026-03-12 23:22:45.700991] [AI] Don't post generated/AI-edited comments. HN is for
[2026-03-12 23:22:45.701382] Nonstop - 23:22
[2026-03-12 23:23:44.558772] [TRADING] Middle-aged man trading cards go viral in rural Ja
[2026-03-12 23:23:44.559171] Nonstop - 23:23
[2026-03-12 23:23:46.043976] [AUTOMATION] Open-Source Home Automation
[2026-03-12 23:23:46.044381] Nonstop - 23:23
[2026-03-12 23:24:45.108405] [CODING] Ask HN: What are your favorite low-coding apps / t
[2026-03-12 23:24:45.109555] Nonstop - 23:24
[2026-03-12 23:24:46.375863] [AUTOMATION] Open-Source Home Automation
[2026-03-12 23:24:46.376202] Nonstop - 23:24
[2026-03-12 23:25:45.468029] [AGENTS] An AI agent published a hit piece on me
[2026-03-12 23:25:45.468649] Nonstop - 23:25
[2026-03-12 23:25:46.938090] [SELF-IMPROVEMENT] Forget Self-Improvement
[2026-03-12 23:25:46.938624] Nonstop - 23:25
[2026-03-12 23:26:45.929247] [CODING] Ask HN: What are your favorite low-coding apps / t
[2026-03-12 23:26:45.932159] Nonstop - 23:26
[2026-03-12 23:26:47.455482] [TRADING] Middle-aged man trading cards go viral in rural Ja
[2026-03-12 23:26:47.456035] Nonstop - 23:26
[2026-03-12 23:27:46.265994] [SELF-IMPROVEMENT] Forget Self-Improvement
[2026-03-12 23:27:46.266370] Nonstop - 23:27
[2026-03-12 23:27:47.774124] [CODING] Ask HN: What are your favorite low-coding apps / t
[2026-03-12 23:27:47.774636] Nonstop - 23:27
[2026-03-12 23:28:46.622064] [TRADING] Middle-aged man trading cards go viral in rural Ja
[2026-03-12 23:28:46.622444] Nonstop - 23:28
[2026-03-12 23:28:48.095829] [SELF-IMPROVEMENT] Forget Self-Improvement
[2026-03-12 23:28:48.096353] Nonstop - 23:28
[2026-03-12 23:29:46.923998] [SELF-IMPROVEMENT] Forget Self-Improvement
[2026-03-12 23:29:46.924373] Nonstop - 23:29
[2026-03-12 23:29:48.437567] [AGENTS] An AI agent published a hit piece on me
[2026-03-12 23:29:48.438098] Nonstop - 23:29
[2026-03-12 23:30:47.479824] [AI] Don't post generated/AI-edited comments. HN is for
[2026-03-12 23:30:47.480326] Nonstop - 23:30
[2026-03-12 23:30:48.909917] [AUTONOMY] France dumps Zoom and Teams as Europe seeks digita
[2026-03-12 23:30:48.910431] Nonstop - 23:30
[2026-03-12 23:31:47.820699] [AI] Don't post generated/AI-edited comments. HN is for
[2026-03-12 23:31:47.821079] Nonstop - 23:31
[2026-03-12 23:31:49.409865] [TRADING] Middle-aged man trading cards go viral in rural Ja
[2026-03-12 23:31:49.410426] Nonstop - 23:31
[2026-03-12 23:32:48.172100] [AI] Don't post generated/AI-edited comments. HN is for
[2026-03-12 23:32:48.172649] Nonstop - 23:32
[2026-03-12 23:32:49.805377] [LEARNING] Machine Learning Crash Course
[2026-03-12 23:32:49.805902] Nonstop - 23:32
[2026-03-12 23:33:48.603485] [AUTOMATION] Open-Source Home Automation
[2026-03-12 23:33:48.603864] Nonstop - 23:33
[2026-03-12 23:33:50.359851] [AUTONOMY] France dumps Zoom and Teams as Europe seeks digita
[2026-03-12 23:33:50.360565] Nonstop - 23:33
[2026-03-12 23:34:48.977242] [AGENTS] An AI agent published a hit piece on me
[2026-03-12 23:34:48.977618] Nonstop - 23:34
[2026-03-12 23:34:50.716089] [TRADING] Middle-aged man trading cards go viral in rural Ja
[2026-03-12 23:34:50.716748] Nonstop - 23:34
[2026-03-12 23:35:49.394059] [CODING] Ask HN: What are your favorite low-coding apps / t
[2026-03-12 23:35:49.395358] Nonstop - 23:35
[2026-03-12 23:35:51.031332] [AUTOMATION] Open-Source Home Automation
[2026-03-12 23:35:51.031860] Nonstop - 23:35
[2026-03-12 23:36:49.808159] [AUTOMATION] Open-Source Home Automation
[2026-03-12 23:36:49.810347] Nonstop - 23:36
[2026-03-12 23:36:51.410311] [AUTOMATION] Open-Source Home Automation
[2026-03-12 23:36:51.410862] Nonstop - 23:36
[2026-03-12 23:37:50.246637] [SELF-IMPROVEMENT] Forget Self-Improvement
[2026-03-12 23:37:50.248404] Nonstop - 23:37
[2026-03-12 23:37:51.795796] [SELF-IMPROVEMENT] Forget Self-Improvement
[2026-03-12 23:37:51.796316] Nonstop - 23:37
[2026-03-12 23:38:50.693207] [AI] Don't post generated/AI-edited comments. HN is for
[2026-03-12 23:38:50.694682] Nonstop - 23:38
[2026-03-12 23:38:52.209748] [LEARNING] Machine Learning Crash Course
[2026-03-12 23:38:52.210376] Nonstop - 23:38
[2026-03-12 23:39:51.147605] [SELF-IMPROVEMENT] Forget Self-Improvement
[2026-03-12 23:39:51.149767] Nonstop - 23:39
[2026-03-12 23:39:52.587395] [SELF-IMPROVEMENT] Forget Self-Improvement
[2026-03-12 23:39:52.588030] Nonstop - 23:39
[2026-03-12 23:40:51.547743] [SELF-IMPROVEMENT] Forget Self-Improvement
[2026-03-12 23:40:51.548115] Nonstop - 23:40
[2026-03-12 23:40:53.017478] [TRADING] Middle-aged man trading cards go viral in rural Ja
[2026-03-12 23:40:53.018183] Nonstop - 23:40
[2026-03-12 23:41:52.057772] [AUTOMATION] Open-Source Home Automation
[2026-03-12 23:41:52.059043] Nonstop - 23:41
[2026-03-12 23:41:53.579228] [AGENTS] An AI agent published a hit piece on me
[2026-03-12 23:41:53.579807] Nonstop - 23:41
[2026-03-12 23:42:52.517513] [AUTONOMY] France dumps Zoom and Teams as Europe seeks digita
[2026-03-12 23:42:52.518832] Nonstop - 23:42
[2026-03-12 23:42:54.096690] [AUTONOMY] France dumps Zoom and Teams as Europe seeks digita
[2026-03-12 23:42:54.097225] Nonstop - 23:42
[2026-03-12 23:43:52.985268] [AUTOMATION] Open-Source Home Automation
[2026-03-12 23:43:52.985641] Nonstop - 23:43
[2026-03-12 23:43:54.475324] [LEARNING] Machine Learning Crash Course
[2026-03-12 23:43:54.475702] Nonstop - 23:43
[2026-03-12 23:44:53.509102] [TRADING] Middle-aged man trading cards go viral in rural Ja
[2026-03-12 23:44:53.509473] Nonstop - 23:44
[2026-03-12 23:44:54.947597] [LEARNING] Machine Learning Crash Course
[2026-03-12 23:44:54.948399] Nonstop - 23:44
[2026-03-12 23:45:54.096209] [AGENTS] An AI agent published a hit piece on me
[2026-03-12 23:45:54.096644] Nonstop - 23:45
[2026-03-12 23:45:55.346951] [SELF-IMPROVEMENT] Forget Self-Improvement
[2026-03-12 23:45:55.347466] Nonstop - 23:45
[2026-03-12 23:46:54.514503] [AUTONOMY] France dumps Zoom and Teams as Europe seeks digita
[2026-03-12 23:46:54.514874] Nonstop - 23:46
[2026-03-12 23:46:55.944708] [AGENTS] An AI agent published a hit piece on me
[2026-03-12 23:46:55.945238] Nonstop - 23:46
[2026-03-12 23:47:54.955502] [TRADING] Middle-aged man trading cards go viral in rural Ja
[2026-03-12 23:47:54.955887] Nonstop - 23:47
[2026-03-12 23:47:56.346920] [TRADING] Middle-aged man trading cards go viral in rural Ja
[2026-03-12 23:47:56.347625] Nonstop - 23:47
[2026-03-12 23:48:55.376760] [AI] Don't post generated/AI-edited comments. HN is for
[2026-03-12 23:48:55.377135] Nonstop - 23:48
[2026-03-12 23:48:56.749459] [AGENTS] An AI agent published a hit piece on me
[2026-03-12 23:48:56.750154] Nonstop - 23:48
[2026-03-12 23:49:55.868958] [TRADING] Middle-aged man trading cards go viral in rural Ja
[2026-03-12 23:49:55.869329] Nonstop - 23:49
[2026-03-12 23:49:57.293289] [AGENTS] An AI agent published a hit piece on me
[2026-03-12 23:49:57.293802] Nonstop - 23:49
[2026-03-12 23:50:56.266390] [AUTONOMY] France dumps Zoom and Teams as Europe seeks digita
[2026-03-12 23:50:56.268525] Nonstop - 23:50
[2026-03-12 23:50:57.616347] [AUTONOMY] France dumps Zoom and Teams as Europe seeks digita
[2026-03-12 23:50:57.630629] Nonstop - 23:50
[2026-03-12 23:51:56.626411] [AGENTS] An AI agent published a hit piece on me
[2026-03-12 23:51:56.628705] Nonstop - 23:51
[2026-03-12 23:51:58.003742] [CODING] Ask HN: What are your favorite low-coding apps / t
[2026-03-12 23:51:58.004285] Nonstop - 23:51
[2026-03-12 23:52:56.974018] [TRADING] Middle-aged man trading cards go viral in rural Ja
[2026-03-12 23:52:56.974434] Nonstop - 23:52
[2026-03-12 23:52:58.537764] [LEARNING] Machine Learning Crash Course
[2026-03-12 23:52:58.538299] Nonstop - 23:52
[2026-03-12 23:53:57.325212] [AUTONOMY] France dumps Zoom and Teams as Europe seeks digita
[2026-03-12 23:53:57.325554] Nonstop - 23:53
[2026-03-12 23:53:58.885258] [AGENTS] An AI agent published a hit piece on me
[2026-03-12 23:53:58.885700] Nonstop - 23:53
[2026-03-12 23:54:57.677215] [AI] Don't post generated/AI-edited comments. HN is for
[2026-03-12 23:54:57.677619] Nonstop - 23:54
[2026-03-12 23:54:59.368304] [LEARNING] Machine Learning Crash Course
[2026-03-12 23:54:59.368789] Nonstop - 23:54
[2026-03-12 23:55:57.986005] [LEARNING] Machine Learning Crash Course
[2026-03-12 23:55:57.988197] Nonstop - 23:55
[2026-03-12 23:55:59.794353] [AUTONOMY] France dumps Zoom and Teams as Europe seeks digita
[2026-03-12 23:55:59.794885] Nonstop - 23:55
[2026-03-12 23:56:58.516623] [SELF-IMPROVEMENT] Forget Self-Improvement
[2026-03-12 23:56:58.518775] Nonstop - 23:56
[2026-03-12 23:57:00.337431] [TRADING] Middle-aged man trading cards go viral in rural Ja
[2026-03-12 23:57:00.338410] Nonstop - 23:56
[2026-03-12 23:57:58.962518] [AI] Don't post generated/AI-edited comments. HN is for
[2026-03-12 23:57:58.963120] Nonstop - 23:57
[2026-03-12 23:58:00.830386] [LEARNING] Machine Learning Crash Course
[2026-03-12 23:58:00.831189] Nonstop - 23:58
[2026-03-12 23:58:59.348329] [SELF-IMPROVEMENT] Forget Self-Improvement
[2026-03-12 23:58:59.348922] Nonstop - 23:58
[2026-03-12 23:59:01.189615] [CODING] Ask HN: What are your favorite low-coding apps / t
[2026-03-12 23:59:01.190319] Nonstop - 23:59
[2026-03-12 23:59:59.791244] [AUTOMATION] Open-Source Home Automation
[2026-03-12 23:59:59.791675] Nonstop - 23:59
[2026-03-13 00:00:01.763951] [AUTONOMY] France dumps Zoom and Teams as Europe seeks digita
[2026-03-13 00:00:01.764653] Nonstop - 00:00
[2026-03-13 00:01:00.334588] [TRADING] Middle-aged man trading cards go viral in rural Ja
[2026-03-13 00:01:00.334989] Nonstop - 00:00
[2026-03-13 00:01:02.373401] [TRADING] Middle-aged man trading cards go viral in rural Ja
[2026-03-13 00:01:02.373959] Nonstop - 00:01
[2026-03-13 00:02:00.774411] [AGENTS] An AI agent published a hit piece on me
[2026-03-13 00:02:00.775561] Nonstop - 00:02
[2026-03-13 00:02:02.763698] [SELF-IMPROVEMENT] Forget Self-Improvement
[2026-03-13 00:02:02.763908] Nonstop - 00:02
[2026-03-13 00:03:01.206575] [SELF-IMPROVEMENT] Forget Self-Improvement
[2026-03-13 00:03:01.209144] Nonstop - 00:03
[2026-03-13 00:03:03.053644] [AUTONOMY] France dumps Zoom and Teams as Europe seeks digita
[2026-03-13 00:03:03.054495] Nonstop - 00:03
[2026-03-13 00:04:01.672328] [AI] Don't post generated/AI-edited comments. HN is for
[2026-03-13 00:04:01.673317] Nonstop - 00:04
[2026-03-13 00:04:03.345194] [AGENTS] An AI agent published a hit piece on me
[2026-03-13 00:04:03.345573] Nonstop - 00:04
[2026-03-13 00:05:02.080713] [AI] Don't post generated/AI-edited comments. HN is for
[2026-03-13 00:05:02.081104] Nonstop - 00:05
[2026-03-13 00:05:03.693627] [AUTOMATION] Open-Source Home Automation
[2026-03-13 00:05:03.694178] Nonstop - 00:05
[2026-03-13 00:06:02.449976] [LEARNING] Machine Learning Crash Course
[2026-03-13 00:06:02.450377] Nonstop - 00:06
[2026-03-13 00:06:04.134007] [SELF-IMPROVEMENT] Forget Self-Improvement
[2026-03-13 00:06:04.134520] Nonstop - 00:06
[2026-03-13 00:07:02.740832] [AUTONOMY] France dumps Zoom and Teams as Europe seeks digita
[2026-03-13 00:07:02.741098] Nonstop - 00:07
[2026-03-13 00:07:04.428260] [AI] Don't post generated/AI-edited comments. HN is for
[2026-03-13 00:07:04.428500] Nonstop - 00:07
[2026-03-13 00:08:03.138532] [AUTOMATION] Open-Source Home Automation
[2026-03-13 00:08:03.138797] Nonstop - 00:08
[2026-03-13 00:08:04.746777] [AGENTS] An AI agent published a hit piece on me
[2026-03-13 00:08:04.747006] Nonstop - 00:08
[2026-03-13 00:09:03.451088] [AUTOMATION] Open-Source Home Automation
[2026-03-13 00:09:03.451343] Nonstop - 00:09
[2026-03-13 00:09:05.182769] [SELF-IMPROVEMENT] Forget Self-Improvement
[2026-03-13 00:09:05.183010] Nonstop - 00:09
[2026-03-13 00:10:03.877649] [AUTONOMY] France dumps Zoom and Teams as Europe seeks digita
[2026-03-13 00:10:03.877925] Nonstop - 00:10
[2026-03-13 00:10:05.577732] [AUTOMATION] Open-Source Home Automation
[2026-03-13 00:10:05.577992] Nonstop - 00:10
[2026-03-13 00:11:04.184121] [AGENTS] An AI agent published a hit piece on me
[2026-03-13 00:11:04.184389] Nonstop - 00:11
[2026-03-13 00:11:06.116036] [SELF-IMPROVEMENT] Forget Self-Improvement
[2026-03-13 00:11:06.116267] Nonstop - 00:11
[2026-03-13 00:12:04.689331] [CODING] Ask HN: What are your favorite low-coding apps / t
[2026-03-13 00:12:04.689620] Nonstop - 00:12
[2026-03-13 00:12:06.495953] [AGENTS] An AI agent published a hit piece on me
[2026-03-13 00:12:06.496206] Nonstop - 00:12
[2026-03-13 00:13:05.018795] [SELF-IMPROVEMENT] Forget Self-Improvement
[2026-03-13 00:13:05.019083] Nonstop - 00:13
[2026-03-13 00:13:06.782967] [AUTONOMY] France dumps Zoom and Teams as Europe seeks digita
[2026-03-13 00:13:06.783196] Nonstop - 00:13
[2026-03-13 00:14:05.434268] [CODING] Ask HN: What are your favorite low-coding apps / t
[2026-03-13 00:14:05.434532] Nonstop - 00:14
[2026-03-13 00:14:07.337289] [SELF-IMPROVEMENT] Forget Self-Improvement
[2026-03-13 00:14:07.337520] Nonstop - 00:14
[2026-03-13 00:15:05.841938] [TRADING] Middle-aged man trading cards go viral in rural Ja
[2026-03-13 00:15:05.842233] Nonstop - 00:15
[2026-03-13 00:15:07.699829] [AGENTS] An AI agent published a hit piece on me
[2026-03-13 00:15:07.700066] Nonstop - 00:15
[2026-03-13 00:16:06.172213] [CODING] Ask HN: What are your favorite low-coding apps / t
[2026-03-13 00:16:06.172486] Nonstop - 00:16
[2026-03-13 00:16:08.220822] [AI] Don't post generated/AI-edited comments. HN is for
[2026-03-13 00:16:08.221145] Nonstop - 00:16
[2026-03-13 00:17:06.775186] [TRADING] Middle-aged man trading cards go viral in rural Ja
[2026-03-13 00:17:06.775454] Nonstop - 00:17
[2026-03-13 00:17:08.589474] [TRADING] Middle-aged man trading cards go viral in rural Ja
[2026-03-13 00:17:08.589713] Nonstop - 00:17
[2026-03-13 00:18:07.243378] [LEARNING] Machine Learning Crash Course
[2026-03-13 00:18:07.243684] Nonstop - 00:18
[2026-03-13 00:18:09.196258] [CODING] Ask HN: What are your favorite low-coding apps / t
[2026-03-13 00:18:09.196516] Nonstop - 00:18
[2026-03-13 00:19:07.660146] [AI] Don't post generated/AI-edited comments. HN is for
[2026-03-13 00:19:07.660417] Nonstop - 00:19
[2026-03-13 00:19:09.593506] [AUTOMATION] Open-Source Home Automation
[2026-03-13 00:19:09.593732] Nonstop - 00:19
[2026-03-13 00:20:08.193697] [TRADING] Middle-aged man trading cards go viral in rural Ja
[2026-03-13 00:20:08.194911] Nonstop - 00:20
[2026-03-13 00:20:10.232263] [SELF-IMPROVEMENT] Forget Self-Improvement
[2026-03-13 00:20:10.232500] Nonstop - 00:20
[2026-03-13 00:21:08.615087] [LEARNING] Machine Learning Crash Course
[2026-03-13 00:21:08.615345] Nonstop - 00:21
[2026-03-13 00:21:10.705692] [TRADING] Middle-aged man trading cards go viral in rural Ja
[2026-03-13 00:21:10.705912] Nonstop - 00:21
[2026-03-13 00:22:09.009731] [TRADING] Middle-aged man trading cards go viral in rural Ja
[2026-03-13 00:22:09.010922] Nonstop - 00:22
[2026-03-13 00:22:11.267981] [SELF-IMPROVEMENT] Forget Self-Improvement
[2026-03-13 00:22:11.268202] Nonstop - 00:22
[2026-03-13 00:23:09.384837] [AUTOMATION] Open-Source Home Automation
[2026-03-13 00:23:09.385108] Nonstop - 00:23
[2026-03-13 00:23:11.625852] [SELF-IMPROVEMENT] Forget Self-Improvement
[2026-03-13 00:23:11.626076] Nonstop - 00:23
[2026-03-13 00:24:09.764531] [SELF-IMPROVEMENT] Forget Self-Improvement
[2026-03-13 00:24:09.764789] Nonstop - 00:24
[2026-03-13 00:24:12.042248] [CODING] Ask HN: What are your favorite low-coding apps / t
[2026-03-13 00:24:12.042519] Nonstop - 00:24
[2026-03-13 00:25:10.141045] [CODING] Ask HN: What are your favorite low-coding apps / t
[2026-03-13 00:25:10.141779] Nonstop - 00:25
[2026-03-13 00:25:12.417647] [SELF-IMPROVEMENT] Forget Self-Improvement
[2026-03-13 00:25:12.417887] Nonstop - 00:25
[2026-03-13 00:26:10.528625] [SELF-IMPROVEMENT] Forget Self-Improvement
[2026-03-13 00:26:10.528893] Nonstop - 00:26
[2026-03-13 00:26:12.954026] [CODING] Ask HN: What are your favorite low-coding apps / t
[2026-03-13 00:26:12.954262] Nonstop - 00:26
[2026-03-13 00:27:10.946740] [AGENTS] An AI agent published a hit piece on me
[2026-03-13 00:27:10.947014] Nonstop - 00:27
[2026-03-13 00:27:13.316793] [AGENTS] An AI agent published a hit piece on me
[2026-03-13 00:27:13.317046] Nonstop - 00:27
[2026-03-13 00:28:11.414532] [SELF-IMPROVEMENT] Forget Self-Improvement
[2026-03-13 00:28:11.414766] Nonstop - 00:28
[2026-03-13 00:28:13.721471] [CODING] Ask HN: What are your favorite low-coding apps / t
[2026-03-13 00:28:13.721781] Nonstop - 00:28
[2026-03-13 00:29:11.834348] [LEARNING] Machine Learning Crash Course
[2026-03-13 00:29:11.834580] Nonstop - 00:29
[2026-03-13 00:29:14.278202] [AUTONOMY] France dumps Zoom and Teams as Europe seeks digita
[2026-03-13 00:29:14.278411] Nonstop - 00:29
[2026-03-13 00:30:12.450808] [TRADING] Middle-aged man trading cards go viral in rural Ja
[2026-03-13 00:30:12.451093] Nonstop - 00:30
[2026-03-13 00:30:14.660016] [LEARNING] Machine Learning Crash Course
[2026-03-13 00:30:14.660211] Nonstop - 00:30
[2026-03-13 00:31:12.971839] [AUTONOMY] France dumps Zoom and Teams as Europe seeks digita
[2026-03-13 00:31:12.972098] Nonstop - 00:31
[2026-03-13 00:31:15.061177] [AGENTS] An AI agent published a hit piece on me
[2026-03-13 00:31:15.061384] Nonstop - 00:31
[2026-03-13 00:32:13.382249] [CODING] Ask HN: What are your favorite low-coding apps / t
[2026-03-13 00:32:13.382541] Nonstop - 00:32
[2026-03-13 00:32:15.459537] [LEARNING] Machine Learning Crash Course
[2026-03-13 00:32:15.459736] Nonstop - 00:32
[2026-03-13 00:33:13.780294] [TRADING] Middle-aged man trading cards go viral in rural Ja
[2026-03-13 00:33:13.780649] Nonstop - 00:33
[2026-03-13 00:33:15.843631] [TRADING] Middle-aged man trading cards go viral in rural Ja
[2026-03-13 00:33:15.843851] Nonstop - 00:33
[2026-03-13 00:34:14.223395] [AUTOMATION] Open-Source Home Automation
[2026-03-13 00:34:14.223869] Nonstop - 00:34
[2026-03-13 00:34:16.272625] [AI] Don't post generated/AI-edited comments. HN is for
[2026-03-13 00:34:16.272970] Nonstop - 00:34
[2026-03-13 00:35:14.620635] [CODING] Ask HN: What are your favorite low-coding apps / t
[2026-03-13 00:35:14.620869] Nonstop - 00:35
[2026-03-13 00:35:16.681510] [AGENTS] An AI agent published a hit piece on me
[2026-03-13 00:35:16.681848] Nonstop - 00:35
[2026-03-13 00:36:15.017604] [AUTONOMY] France dumps Zoom and Teams as Europe seeks digita
[2026-03-13 00:36:15.018028] Nonstop - 00:36
[2026-03-13 00:36:17.345773] [CODING] Ask HN: What are your favorite low-coding apps / t
[2026-03-13 00:36:17.345986] Nonstop - 00:36
[2026-03-13 00:37:15.418493] [AGENTS] An AI agent published a hit piece on me
[2026-03-13 00:37:15.418899] Nonstop - 00:37
[2026-03-13 00:37:17.711811] [AGENTS] An AI agent published a hit piece on me
[2026-03-13 00:37:17.712020] Nonstop - 00:37
[2026-03-13 00:38:15.819993] [AUTONOMY] France dumps Zoom and Teams as Europe seeks digita
[2026-03-13 00:38:15.822196] Nonstop - 00:38
[2026-03-13 00:38:18.260938] [AI] Don't post generated/AI-edited comments. HN is for
[2026-03-13 00:38:18.261335] Nonstop - 00:38
[2026-03-13 00:39:16.330779] [TRADING] Middle-aged man trading cards go viral in rural Ja
[2026-03-13 00:39:16.331934] Nonstop - 00:39
[2026-03-13 00:39:18.800788] [AUTONOMY] France dumps Zoom and Teams as Europe seeks digita
[2026-03-13 00:39:18.801002] Nonstop - 00:39
[2026-03-13 00:40:16.823998] [AUTONOMY] France dumps Zoom and Teams as Europe seeks digita
[2026-03-13 00:40:16.824428] Nonstop - 00:40
[2026-03-13 00:40:19.198664] [TRADING] Middle-aged man trading cards go viral in rural Ja
[2026-03-13 00:40:19.199621] Nonstop - 00:40
[2026-03-13 00:41:17.571949] [LEARNING] Machine Learning Crash Course
[2026-03-13 00:41:17.572186] Nonstop - 00:41
[2026-03-13 00:41:19.593517] [AI] Don't post generated/AI-edited comments. HN is for
[2026-03-13 00:41:19.593792] Nonstop - 00:41
[2026-03-13 00:42:18.090387] [SELF-IMPROVEMENT] Forget Self-Improvement
[2026-03-13 00:42:18.090618] Nonstop - 00:42
[2026-03-13 00:42:20.230978] [SELF-IMPROVEMENT] Forget Self-Improvement
[2026-03-13 00:42:20.231277] Nonstop - 00:42
[2026-03-13 00:43:18.524285] [CODING] Ask HN: What are your favorite low-coding apps / t
[2026-03-13 00:43:18.524660] Nonstop - 00:43
[2026-03-13 00:43:20.646473] [CODING] Ask HN: What are your favorite low-coding apps / t
[2026-03-13 00:43:20.646785] Nonstop - 00:43
[2026-03-13 00:44:18.925480] [AI] Don't post generated/AI-edited comments. HN is for
[2026-03-13 00:44:18.925724] Nonstop - 00:44
[2026-03-13 00:44:21.043096] [AUTOMATION] Open-Source Home Automation
[2026-03-13 00:44:21.043295] Nonstop - 00:44
[2026-03-13 00:45:19.311991] [AUTOMATION] Open-Source Home Automation
[2026-03-13 00:45:19.312326] Nonstop - 00:45
[2026-03-13 00:45:21.435210] [AGENTS] An AI agent published a hit piece on me
[2026-03-13 00:45:21.435542] Nonstop - 00:45
[2026-03-13 00:46:19.715983] [AGENTS] An AI agent published a hit piece on me
[2026-03-13 00:46:19.716224] Nonstop - 00:46
[2026-03-13 00:46:22.099899] [AGENTS] An AI agent published a hit piece on me
[2026-03-13 00:46:22.100184] Nonstop - 00:46
[2026-03-13 00:47:20.087169] [AI] Don't post generated/AI-edited comments. HN is for
[2026-03-13 00:47:20.087414] Nonstop - 00:47
[2026-03-13 00:47:22.486910] [SELF-IMPROVEMENT] Forget Self-Improvement
[2026-03-13 00:47:22.487137] Nonstop - 00:47
[2026-03-13 00:48:20.583990] [TRADING] Middle-aged man trading cards go viral in rural Ja
[2026-03-13 00:48:20.584212] Nonstop - 00:48
[2026-03-13 00:48:22.861891] [TRADING] Middle-aged man trading cards go viral in rural Ja
[2026-03-13 00:48:22.862212] Nonstop - 00:48
[2026-03-13 00:49:21.203879] [AUTOMATION] Open-Source Home Automation
[2026-03-13 00:49:21.204110] Nonstop - 00:49
[2026-03-13 00:49:23.243067] [AUTOMATION] Open-Source Home Automation
[2026-03-13 00:49:23.243281] Nonstop - 00:49
[2026-03-13 00:50:21.657159] [LEARNING] Machine Learning Crash Course
[2026-03-13 00:50:21.657528] Nonstop - 00:50
[2026-03-13 00:50:23.637204] [LEARNING] Machine Learning Crash Course
[2026-03-13 00:50:23.637570] Nonstop - 00:50
[2026-03-13 00:51:22.242819] [TRADING] Middle-aged man trading cards go viral in rural Ja
[2026-03-13 00:51:22.243305] Nonstop - 00:51
[2026-03-13 00:51:24.157384] [AGENTS] An AI agent published a hit piece on me
[2026-03-13 00:51:24.157960] Nonstop - 00:51
[2026-03-13 00:52:22.682641] [AUTOMATION] Open-Source Home Automation
[2026-03-13 00:52:22.683407] Nonstop - 00:52
[2026-03-13 00:52:24.569902] [LEARNING] Machine Learning Crash Course
[2026-03-13 00:52:24.570292] Nonstop - 00:52
[2026-03-13 00:53:23.276849] [LEARNING] Machine Learning Crash Course
[2026-03-13 00:53:23.277082] Nonstop - 00:53
[2026-03-13 00:53:24.965413] [AGENTS] An AI agent published a hit piece on me
[2026-03-13 00:53:24.966988] Nonstop - 00:53
[2026-03-13 00:54:23.690393] [AI] Don't post generated/AI-edited comments. HN is for
[2026-03-13 00:54:23.690713] Nonstop - 00:54
[2026-03-13 00:54:25.526149] [TRADING] Middle-aged man trading cards go viral in rural Ja
[2026-03-13 00:54:25.526353] Nonstop - 00:54
[2026-03-13 00:55:24.211017] [AUTONOMY] France dumps Zoom and Teams as Europe seeks digita
[2026-03-13 00:55:24.211422] Nonstop - 00:55
[2026-03-13 00:55:26.033492] [AGENTS] An AI agent published a hit piece on me
[2026-03-13 00:55:26.033693] Nonstop - 00:55
[2026-03-13 00:56:24.597788] [AUTONOMY] France dumps Zoom and Teams as Europe seeks digita
[2026-03-13 00:56:24.598114] Nonstop - 00:56
[2026-03-13 00:56:26.665532] [AUTOMATION] Open-Source Home Automation
[2026-03-13 00:56:26.665893] Nonstop - 00:56
[2026-03-13 00:57:25.016072] [SELF-IMPROVEMENT] Forget Self-Improvement
[2026-03-13 00:57:25.016377] Nonstop - 00:57
[2026-03-13 00:57:27.055712] [AI] Don't post generated/AI-edited comments. HN is for
[2026-03-13 00:57:27.056039] Nonstop - 00:57
[2026-03-13 00:58:25.405826] [AI] Don't post generated/AI-edited comments. HN is for
[2026-03-13 00:58:25.406279] Nonstop - 00:58
[2026-03-13 00:58:27.443424] [AUTONOMY] France dumps Zoom and Teams as Europe seeks digita
[2026-03-13 00:58:27.443642] Nonstop - 00:58
[2026-03-13 00:59:25.873419] [TRADING] Middle-aged man trading cards go viral in rural Ja
[2026-03-13 00:59:25.873698] Nonstop - 00:59
[2026-03-13 00:59:27.896970] [AI] Don't post generated/AI-edited comments. HN is for
[2026-03-13 00:59:27.897259] Nonstop - 00:59
[2026-03-13 01:00:26.315682] [TRADING] Middle-aged man trading cards go viral in rural Ja
[2026-03-13 01:00:26.316130] Nonstop - 01:00
[2026-03-13 01:00:28.364231] [AUTOMATION] Open-Source Home Automation
[2026-03-13 01:00:28.364564] Nonstop - 01:00
[2026-03-13 01:01:26.725303] [LEARNING] Machine Learning Crash Course
[2026-03-13 01:01:26.725587] Nonstop - 01:01
[2026-03-13 01:01:28.949804] [CODING] Ask HN: What are your favorite low-coding apps / t
[2026-03-13 01:01:28.950079] Nonstop - 01:01
[2026-03-13 01:02:27.129224] [AI] Don't post generated/AI-edited comments. HN is for
[2026-03-13 01:02:27.129441] Nonstop - 01:02
[2026-03-13 01:02:29.466263] [AUTOMATION] Open-Source Home Automation
[2026-03-13 01:02:29.466474] Nonstop - 01:02
[2026-03-13 01:03:27.510806] [AUTOMATION] Open-Source Home Automation
[2026-03-13 01:03:27.511049] Nonstop - 01:03
[2026-03-13 01:03:29.881767] [AGENTS] An AI agent published a hit piece on me
[2026-03-13 01:03:29.882019] Nonstop - 01:03
[2026-03-13 01:04:27.935364] [LEARNING] Machine Learning Crash Course
[2026-03-13 01:04:27.935581] Nonstop - 01:04
[2026-03-13 01:04:30.281245] [CODING] Ask HN: What are your favorite low-coding apps / t
[2026-03-13 01:04:30.281455] Nonstop - 01:04
[2026-03-13 01:05:28.328218] [CODING] Ask HN: What are your favorite low-coding apps / t
[2026-03-13 01:05:28.328514] Nonstop - 01:05
[2026-03-13 01:05:30.918154] [AUTOMATION] Open-Source Home Automation
[2026-03-13 01:05:30.918354] Nonstop - 01:05
[2026-03-13 01:06:28.767321] [LEARNING] Machine Learning Crash Course
[2026-03-13 01:06:28.768492] Nonstop - 01:06
[2026-03-13 01:06:31.396611] [TRADING] Middle-aged man trading cards go viral in rural Ja
[2026-03-13 01:06:31.396944] Nonstop - 01:06
[2026-03-13 01:07:29.356412] [CODING] Ask HN: What are your favorite low-coding apps / t
[2026-03-13 01:07:29.356721] Nonstop - 01:07
[2026-03-13 01:07:31.778727] [AI] Don't post generated/AI-edited comments. HN is for
[2026-03-13 01:07:31.778982] Nonstop - 01:07
[2026-03-13 01:08:29.744917] [TRADING] Middle-aged man trading cards go viral in rural Ja
[2026-03-13 01:08:29.747469] Nonstop - 01:08
[2026-03-13 01:08:32.227011] [AI] Don't post generated/AI-edited comments. HN is for
[2026-03-13 01:08:32.227218] Nonstop - 01:08
[2026-03-13 01:09:30.178524] [TRADING] Middle-aged man trading cards go viral in rural Ja
[2026-03-13 01:09:30.179578] Nonstop - 01:09
[2026-03-13 01:09:32.640013] [AGENTS] An AI agent published a hit piece on me
[2026-03-13 01:09:32.640437] Nonstop - 01:09
[2026-03-13 01:10:30.598366] [TRADING] Middle-aged man trading cards go viral in rural Ja
[2026-03-13 01:10:30.598683] Nonstop - 01:10
[2026-03-13 01:10:33.059953] [CODING] Ask HN: What are your favorite low-coding apps / t
[2026-03-13 01:10:33.060214] Nonstop - 01:10
[2026-03-13 01:11:31.006110] [TRADING] Middle-aged man trading cards go viral in rural Ja
[2026-03-13 01:11:31.006356] Nonstop - 01:11
[2026-03-13 01:11:33.363754] [TRADING] Middle-aged man trading cards go viral in rural Ja
[2026-03-13 01:11:33.363961] Nonstop - 01:11
[2026-03-13 01:12:31.276218] [AUTOMATION] Open-Source Home Automation
[2026-03-13 01:12:31.276532] Nonstop - 01:12
[2026-03-13 01:12:33.798003] [AI] Don't post generated/AI-edited comments. HN is for
[2026-03-13 01:12:33.798342] Nonstop - 01:12
[2026-03-13 01:13:31.668709] [SELF-IMPROVEMENT] Forget Self-Improvement
[2026-03-13 01:13:31.669072] Nonstop - 01:13
[2026-03-13 01:13:34.307850] [AUTOMATION] Open-Source Home Automation
[2026-03-13 01:13:34.308107] Nonstop - 01:13
[2026-03-13 01:14:32.164684] [CODING] Ask HN: What are your favorite low-coding apps / t
[2026-03-13 01:14:32.164968] Nonstop - 01:14
[2026-03-13 01:14:34.835775] [CODING] Ask HN: What are your favorite low-coding apps / t
[2026-03-13 01:14:34.836113] Nonstop - 01:14
[2026-03-13 01:15:32.580883] [AI] Don't post generated/AI-edited comments. HN is for
[2026-03-13 01:15:32.581196] Nonstop - 01:15
[2026-03-13 01:15:35.446400] [LEARNING] Machine Learning Crash Course
[2026-03-13 01:15:35.446607] Nonstop - 01:15
[2026-03-13 01:16:33.002573] [CODING] Ask HN: What are your favorite low-coding apps / t
[2026-03-13 01:16:33.003479] Nonstop - 01:16
[2026-03-13 01:16:35.694608] [CODING] Ask HN: What are your favorite low-coding apps / t
[2026-03-13 01:16:35.694966] Nonstop - 01:16
[2026-03-13 01:17:33.438009] [AUTONOMY] France dumps Zoom and Teams as Europe seeks digita
[2026-03-13 01:17:33.438364] Nonstop - 01:17
[2026-03-13 01:17:35.920369] [AUTONOMY] France dumps Zoom and Teams as Europe seeks digita
[2026-03-13 01:17:35.920634] Nonstop - 01:17
[2026-03-13 01:18:33.804351] [TRADING] Middle-aged man trading cards go viral in rural Ja
[2026-03-13 01:18:33.804737] Nonstop - 01:18
[2026-03-13 01:18:36.266644] [TRADING] Middle-aged man trading cards go viral in rural Ja
[2026-03-13 01:18:36.266842] Nonstop - 01:18
[2026-03-13 01:19:34.205492] [LEARNING] Machine Learning Crash Course
[2026-03-13 01:19:34.205778] Nonstop - 01:19
[2026-03-13 01:19:36.777138] [AGENTS] An AI agent published a hit piece on me
[2026-03-13 01:19:36.777423] Nonstop - 01:19
[2026-03-13 01:20:34.581611] [LEARNING] Machine Learning Crash Course
[2026-03-13 01:20:34.581826] Nonstop - 01:20
[2026-03-13 01:20:37.165740] [AUTONOMY] France dumps Zoom and Teams as Europe seeks digita
[2026-03-13 01:20:37.166114] Nonstop - 01:20
[2026-03-13 01:21:35.137043] [LEARNING] Machine Learning Crash Course
[2026-03-13 01:21:35.137270] Nonstop - 01:21
[2026-03-13 01:21:37.546365] [AGENTS] An AI agent published a hit piece on me
[2026-03-13 01:21:37.546573] Nonstop - 01:21
[2026-03-13 01:22:35.594095] [CODING] Ask HN: What are your favorite low-coding apps / t
[2026-03-13 01:22:35.594439] Nonstop - 01:22
[2026-03-13 01:22:37.942704] [TRADING] Middle-aged man trading cards go viral in rural Ja
[2026-03-13 01:22:37.942920] Nonstop - 01:22
[2026-03-13 01:23:35.855480] [AUTONOMY] France dumps Zoom and Teams as Europe seeks digita
[2026-03-13 01:23:35.855786] Nonstop - 01:23
[2026-03-13 01:23:38.340733] [TRADING] Middle-aged man trading cards go viral in rural Ja
[2026-03-13 01:23:38.340989] Nonstop - 01:23
[2026-03-13 01:24:36.085177] [TRADING] Middle-aged man trading cards go viral in rural Ja
[2026-03-13 01:24:36.085420] Nonstop - 01:24
[2026-03-13 01:24:38.737503] [AUTOMATION] Open-Source Home Automation
[2026-03-13 01:24:38.737771] Nonstop - 01:24
[2026-03-13 01:25:36.502770] [AUTONOMY] France dumps Zoom and Teams as Europe seeks digita
[2026-03-13 01:25:36.503069] Nonstop - 01:25
[2026-03-13 01:25:39.298339] [AUTONOMY] France dumps Zoom and Teams as Europe seeks digita
[2026-03-13 01:25:39.298608] Nonstop - 01:25
[2026-03-13 01:26:36.901537] [TRADING] Middle-aged man trading cards go viral in rural Ja
[2026-03-13 01:26:36.901837] Nonstop - 01:26
[2026-03-13 01:26:39.763512] [AGENTS] An AI agent published a hit piece on me
[2026-03-13 01:26:39.763795] Nonstop - 01:26
[2026-03-13 01:27:37.294997] [LEARNING] Machine Learning Crash Course
[2026-03-13 01:27:37.295306] Nonstop - 01:27
[2026-03-13 01:27:40.261010] [SELF-IMPROVEMENT] Forget Self-Improvement
[2026-03-13 01:27:40.261388] Nonstop - 01:27
[2026-03-13 01:28:37.757524] [AUTONOMY] France dumps Zoom and Teams as Europe seeks digita
[2026-03-13 01:28:37.758974] Nonstop - 01:28
[2026-03-13 01:28:40.760130] [CODING] Ask HN: What are your favorite low-coding apps / t
[2026-03-13 01:28:40.760347] Nonstop - 01:28
[2026-03-13 01:29:38.148465] [SELF-IMPROVEMENT] Forget Self-Improvement
[2026-03-13 01:29:38.148703] Nonstop - 01:29
[2026-03-13 01:29:41.211654] [AI] Don't post generated/AI-edited comments. HN is for
[2026-03-13 01:29:41.211858] Nonstop - 01:29
[2026-03-13 01:30:38.522592] [AI] Don't post generated/AI-edited comments. HN is for
[2026-03-13 01:30:38.523867] Nonstop - 01:30
[2026-03-13 01:30:41.462076] [AGENTS] An AI agent published a hit piece on me
[2026-03-13 01:30:41.462426] Nonstop - 01:30
[2026-03-13 01:31:39.037850] [SELF-IMPROVEMENT] Forget Self-Improvement
[2026-03-13 01:31:39.038215] Nonstop - 01:31
[2026-03-13 01:31:41.668146] [SELF-IMPROVEMENT] Forget Self-Improvement
[2026-03-13 01:31:41.668529] Nonstop - 01:31
[2026-03-13 01:32:39.651406] [AI] Don't post generated/AI-edited comments. HN is for
[2026-03-13 01:32:39.652611] Nonstop - 01:32
[2026-03-13 01:32:42.311509] [TRADING] Middle-aged man trading cards go viral in rural Ja
[2026-03-13 01:32:42.311785] Nonstop - 01:32
[2026-03-13 01:33:40.176317] [LEARNING] Machine Learning Crash Course
[2026-03-13 01:33:40.177607] Nonstop - 01:33
[2026-03-13 01:33:42.738334] [SELF-IMPROVEMENT] Forget Self-Improvement
[2026-03-13 01:33:42.738578] Nonstop - 01:33
[2026-03-13 01:34:41.096825] [AGENTS] An AI agent published a hit piece on me
[2026-03-13 01:34:41.097215] Nonstop - 01:34
[2026-03-13 01:34:42.989372] [AI] Don't post generated/AI-edited comments. HN is for
[2026-03-13 01:34:42.989572] Nonstop - 01:34
[2026-03-13 01:35:41.513441] [AGENTS] An AI agent published a hit piece on me
[2026-03-13 01:35:41.513886] Nonstop - 01:35
[2026-03-13 01:35:43.382845] [LEARNING] Machine Learning Crash Course
[2026-03-13 01:35:43.383144] Nonstop - 01:35
[2026-03-13 01:36:41.890675] [LEARNING] Machine Learning Crash Course
[2026-03-13 01:36:41.890903] Nonstop - 01:36
[2026-03-13 01:36:43.755888] [TRADING] Middle-aged man trading cards go viral in rural Ja
[2026-03-13 01:36:43.756107] Nonstop - 01:36
[2026-03-13 01:37:42.550739] [AI] Don't post generated/AI-edited comments. HN is for
[2026-03-13 01:37:42.551055] Nonstop - 01:37
[2026-03-13 01:37:44.127148] [LEARNING] Machine Learning Crash Course
[2026-03-13 01:37:44.127468] Nonstop - 01:37
[2026-03-13 01:38:42.971547] [CODING] Ask HN: What are your favorite low-coding apps / t
[2026-03-13 01:38:42.973568] Nonstop - 01:38
[2026-03-13 01:38:44.500652] [LEARNING] Machine Learning Crash Course
[2026-03-13 01:38:44.500940] Nonstop - 01:38
[2026-03-13 01:39:43.393080] [SELF-IMPROVEMENT] Forget Self-Improvement
[2026-03-13 01:39:43.396053] Nonstop - 01:39
[2026-03-13 01:39:44.894080] [LEARNING] Machine Learning Crash Course
[2026-03-13 01:39:44.894517] Nonstop - 01:39
[2026-03-13 01:40:43.813306] [LEARNING] Machine Learning Crash Course
[2026-03-13 01:40:43.814732] Nonstop - 01:40
[2026-03-13 01:40:45.288303] [AI] Don't post generated/AI-edited comments. HN is for
[2026-03-13 01:40:45.288507] Nonstop - 01:40
[2026-03-13 01:41:44.220808] [AUTOMATION] Open-Source Home Automation
[2026-03-13 01:41:44.221175] Nonstop - 01:41
[2026-03-13 01:41:45.647548] [SELF-IMPROVEMENT] Forget Self-Improvement
[2026-03-13 01:41:45.647756] Nonstop - 01:41
[2026-03-13 01:42:44.573599] [AUTOMATION] Open-Source Home Automation
[2026-03-13 01:42:44.573834] Nonstop - 01:42
[2026-03-13 01:42:46.187577] [TRADING] Middle-aged man trading cards go viral in rural Ja
[2026-03-13 01:42:46.187802] Nonstop - 01:42
[2026-03-13 01:43:44.960354] [SELF-IMPROVEMENT] Forget Self-Improvement
[2026-03-13 01:43:44.960667] Nonstop - 01:43
[2026-03-13 01:43:46.704637] [TRADING] Middle-aged man trading cards go viral in rural Ja
[2026-03-13 01:43:46.704840] Nonstop - 01:43
[2026-03-13 01:44:45.422423] [AUTOMATION] Open-Source Home Automation
[2026-03-13 01:44:45.423630] Nonstop - 01:44
[2026-03-13 01:44:47.073582] [AUTOMATION] Open-Source Home Automation
[2026-03-13 01:44:47.073928] Nonstop - 01:44
[2026-03-13 01:45:45.834658] [AI] Don't post generated/AI-edited comments. HN is for
[2026-03-13 01:45:45.835761] Nonstop - 01:45
[2026-03-13 01:45:47.449400] [AI] Don't post generated/AI-edited comments. HN is for
[2026-03-13 01:45:47.449603] Nonstop - 01:45
[2026-03-13 01:46:46.422560] [AUTONOMY] France dumps Zoom and Teams as Europe seeks digita
[2026-03-13 01:46:46.422823] Nonstop - 01:46
[2026-03-13 01:46:47.796345] [AUTONOMY] France dumps Zoom and Teams as Europe seeks digita
[2026-03-13 01:46:47.796721] Nonstop - 01:46
[2026-03-13 01:47:46.837810] [AI] Don't post generated/AI-edited comments. HN is for
[2026-03-13 01:47:46.839070] Nonstop - 01:47
[2026-03-13 01:47:48.179132] [AUTOMATION] Open-Source Home Automation
[2026-03-13 01:47:48.179335] Nonstop - 01:47
[2026-03-13 01:48:47.242342] [AGENTS] An AI agent published a hit piece on me
[2026-03-13 01:48:47.242657] Nonstop - 01:48
[2026-03-13 01:48:48.538959] [AI] Don't post generated/AI-edited comments. HN is for
[2026-03-13 01:48:48.539170] Nonstop - 01:48
[2026-03-13 01:49:47.633038] [AUTOMATION] Open-Source Home Automation
[2026-03-13 01:49:47.634310] Nonstop - 01:49
[2026-03-13 01:49:48.894497] [AI] Don't post generated/AI-edited comments. HN is for
[2026-03-13 01:49:48.894710] Nonstop - 01:49
[2026-03-13 01:50:48.037795] [SELF-IMPROVEMENT] Forget Self-Improvement
[2026-03-13 01:50:48.038799] Nonstop - 01:50
[2026-03-13 01:50:49.511672] [TRADING] Middle-aged man trading cards go viral in rural Ja
[2026-03-13 01:50:49.511940] Nonstop - 01:50
[2026-03-13 01:51:48.444303] [CODING] Ask HN: What are your favorite low-coding apps / t
[2026-03-13 01:51:48.444598] Nonstop - 01:51
[2026-03-13 01:51:49.905978] [AI] Don't post generated/AI-edited comments. HN is for
[2026-03-13 01:51:49.906186] Nonstop - 01:51
[2026-03-13 01:52:48.847703] [TRADING] Middle-aged man trading cards go viral in rural Ja
[2026-03-13 01:52:48.849035] Nonstop - 01:52
[2026-03-13 01:52:50.298207] [AUTONOMY] France dumps Zoom and Teams as Europe seeks digita
[2026-03-13 01:52:50.298472] Nonstop - 01:52
[2026-03-13 01:53:49.423793] [AGENTS] An AI agent published a hit piece on me
[2026-03-13 01:53:49.424036] Nonstop - 01:53
[2026-03-13 01:53:50.655159] [AUTONOMY] France dumps Zoom and Teams as Europe seeks digita
[2026-03-13 01:53:50.655463] Nonstop - 01:53
[2026-03-13 01:54:49.827245] [AUTOMATION] Open-Source Home Automation
[2026-03-13 01:54:49.827550] Nonstop - 01:54
[2026-03-13 01:54:51.038619] [AUTONOMY] France dumps Zoom and Teams as Europe seeks digita
[2026-03-13 01:54:51.038899] Nonstop - 01:54
[2026-03-13 01:55:50.241630] [CODING] Ask HN: What are your favorite low-coding apps / t
[2026-03-13 01:55:50.242865] Nonstop - 01:55
[2026-03-13 01:55:51.405862] [AUTONOMY] France dumps Zoom and Teams as Europe seeks digita
[2026-03-13 01:55:51.406064] Nonstop - 01:55
[2026-03-13 01:56:50.627972] [AI] Don't post generated/AI-edited comments. HN is for
[2026-03-13 01:56:50.632868] Nonstop - 01:56
[2026-03-13 01:56:51.788009] [AUTOMATION] Open-Source Home Automation
[2026-03-13 01:56:51.788302] Nonstop - 01:56
[2026-03-13 01:57:51.092539] [SELF-IMPROVEMENT] Forget Self-Improvement
[2026-03-13 01:57:51.092864] Nonstop - 01:57
[2026-03-13 01:57:52.178791] [AGENTS] An AI agent published a hit piece on me
[2026-03-13 01:57:52.179156] Nonstop - 01:57
[2026-03-13 01:58:51.471110] [AGENTS] An AI agent published a hit piece on me
[2026-03-13 01:58:51.471402] Nonstop - 01:58
[2026-03-13 01:58:52.547522] [TRADING] Middle-aged man trading cards go viral in rural Ja
[2026-03-13 01:58:52.547770] Nonstop - 01:58
[2026-03-13 01:59:51.845872] [AI] Don't post generated/AI-edited comments. HN is for
[2026-03-13 01:59:51.846161] Nonstop - 01:59
[2026-03-13 01:59:52.909584] [AGENTS] An AI agent published a hit piece on me
[2026-03-13 01:59:52.909897] Nonstop - 01:59
[2026-03-13 02:00:52.226401] [LEARNING] Machine Learning Crash Course
[2026-03-13 02:00:52.226709] Nonstop - 02:00
[2026-03-13 02:00:53.280808] [AI] Don't post generated/AI-edited comments. HN is for
[2026-03-13 02:00:53.281165] Nonstop - 02:00
[2026-03-13 02:01:52.668024] [TRADING] Middle-aged man trading cards go viral in rural Ja
[2026-03-13 02:01:52.668251] Nonstop - 02:01
[2026-03-13 02:01:53.776548] [SELF-IMPROVEMENT] Forget Self-Improvement
[2026-03-13 02:01:53.776818] Nonstop - 02:01
[2026-03-13 02:02:53.058486] [CODING] Ask HN: What are your favorite low-coding apps / t
[2026-03-13 02:02:53.058742] Nonstop - 02:02
[2026-03-13 02:02:54.158358] [LEARNING] Machine Learning Crash Course
[2026-03-13 02:02:54.158551] Nonstop - 02:02
[2026-03-13 02:03:53.419055] [LEARNING] Machine Learning Crash Course
[2026-03-13 02:03:53.420332] Nonstop - 02:03
[2026-03-13 02:03:54.547278] [TRADING] Middle-aged man trading cards go viral in rural Ja
[2026-03-13 02:03:54.547501] Nonstop - 02:03
[2026-03-13 02:04:53.811160] [AGENTS] An AI agent published a hit piece on me
[2026-03-13 02:04:53.811389] Nonstop - 02:04
[2026-03-13 02:04:54.904591] [AUTONOMY] France dumps Zoom and Teams as Europe seeks digita
[2026-03-13 02:04:54.904931] Nonstop - 02:04
[2026-03-13 02:05:54.173021] [AUTONOMY] France dumps Zoom and Teams as Europe seeks digita
[2026-03-13 02:05:54.174415] Nonstop - 02:05
[2026-03-13 02:05:55.298553] [AUTOMATION] Open-Source Home Automation
[2026-03-13 02:05:55.298761] Nonstop - 02:05
[2026-03-13 02:06:54.552940] [AUTOMATION] Open-Source Home Automation
[2026-03-13 02:06:54.553253] Nonstop - 02:06
[2026-03-13 02:06:55.661531] [SELF-IMPROVEMENT] Forget Self-Improvement
[2026-03-13 02:06:55.661755] Nonstop - 02:06
[2026-03-13 02:07:54.948189] [TRADING] Middle-aged man trading cards go viral in rural Ja
[2026-03-13 02:07:54.948588] Nonstop - 02:07
[2026-03-13 02:07:55.991204] [TRADING] Middle-aged man trading cards go viral in rural Ja
[2026-03-13 02:07:55.991391] Nonstop - 02:07
[2026-03-13 02:08:55.342576] [AUTONOMY] France dumps Zoom and Teams as Europe seeks digita
[2026-03-13 02:08:55.342866] Nonstop - 02:08
[2026-03-13 02:08:56.375908] [LEARNING] Machine Learning Crash Course
[2026-03-13 02:08:56.376168] Nonstop - 02:08
[2026-03-13 02:09:55.716551] [AGENTS] An AI agent published a hit piece on me
[2026-03-13 02:09:55.716784] Nonstop - 02:09
[2026-03-13 02:09:56.713112] [AGENTS] An AI agent published a hit piece on me
[2026-03-13 02:09:56.713504] Nonstop - 02:09
[2026-03-13 02:10:56.120289] [TRADING] Middle-aged man trading cards go viral in rural Ja
[2026-03-13 02:10:56.120519] Nonstop - 02:10
[2026-03-13 02:10:57.062633] [TRADING] Middle-aged man trading cards go viral in rural Ja
[2026-03-13 02:10:57.063185] Nonstop - 02:10
[2026-03-13 02:11:56.536202] [LEARNING] Machine Learning Crash Course
[2026-03-13 02:11:56.536582] Nonstop - 02:11
[2026-03-13 02:11:57.411996] [TRADING] Middle-aged man trading cards go viral in rural Ja
[2026-03-13 02:11:57.412344] Nonstop - 02:11
[2026-03-13 02:12:57.012664] [AUTOMATION] Open-Source Home Automation
[2026-03-13 02:12:57.013941] Nonstop - 02:12
[2026-03-13 02:12:57.806406] [CODING] Ask HN: What are your favorite low-coding apps / t
[2026-03-13 02:12:57.806689] Nonstop - 02:12
